<?xml version="1.0" encoding="UTF-8"?>
<testng-results ignored="0" total="1" passed="1" failed="0" skipped="0">
  <reporter-output>
  </reporter-output>
  <suite started-at="2024-02-25T12:08:31 IST" name="Default suite" finished-at="2024-02-25T12:08:34 IST" duration-ms="3035">
    <groups>
    </groups>
    <test started-at="2024-02-25T12:08:31 IST" name="Default test" finished-at="2024-02-25T12:08:34 IST" duration-ms="3035">
      <class name="excelDriven">
        <test-method signature="addPlace()[pri:0, instance:excelDriven@4f80542f]" started-at="2024-02-25T12:08:31 IST" name="addPlace" finished-at="2024-02-25T12:08:34 IST" duration-ms="2971" status="PASS">
          <reporter-output>
          </reporter-output>
        </test-method> <!-- addPlace -->
      </class> <!-- excelDriven -->
    </test> <!-- Default test -->
  </suite> <!-- Default suite -->
</testng-results>
